# JRE version: OpenJDK Runtime Environment (8.0_152-b01) (build 1.8.0_152-release-1248-b01)
# Java VM: OpenJDK 64-Bit Server VM (25.152-b01 mixed mode windows-amd64 compressed oops)
Heap:
 PSYoungGen      total 190976K, used 131707K [0x00000000e0000000, 0x00000000eff00000, 0x0000000100000000)
  eden space 136192K, 92% used [0x00000000e0000000,0x00000000e7a86fd8,0x00000000e8500000)
  from space 54784K, 11% used [0x00000000e8500000,0x00000000e8b17e30,0x00000000eba80000)
  to   space 54272K, 0% used [0x00000000eca00000,0x00000000eca00000,0x00000000eff00000)
 ParOldGen       total 136704K, used 73625K [0x00000000a0000000, 0x00000000a8580000, 0x00000000e0000000)
  object space 136704K, 53% used [0x00000000a0000000,0x00000000a47e6458,0x00000000a8580000)
 Metaspace       used 100829K, capacity 105208K, committed 105856K, reserved 1140736K
  class space    used 12723K, capacity 13575K, committed 13696K, reserved 1048576K
GC Heap History (10 events):
Event: 3335.200 GC heap before
{Heap before GC invocations=31 (full 3):
 PSYoungGen      total 172544K, used 101577K [0x00000000e0000000, 0x00000000ee100000, 0x0000000100000000)
  eden space 128000K, 44% used [0x00000000e0000000,0x00000000e37b2f28,0x00000000e7d00000)
  from space 44544K, 99% used [0x00000000e8080000,0x00000000eabff6e8,0x00000000eac00000)
  to   space 51200K, 0% used [0x00000000eaf00000,0x00000000eaf00000,0x00000000ee100000)
 ParOldGen       total 136704K, used 87552K [0x00000000a0000000, 0x00000000a8580000, 0x00000000e0000000)
  object space 136704K, 64% used [0x00000000a0000000,0x00000000a5580338,0x00000000a8580000)
 Metaspace       used 93682K, capacity 98268K, committed 98348K, reserved 1134592K
  class space    used 11949K, capacity 12911K, committed 12928K, reserved 1048576K
Event: 3335.233 GC heap after
Heap after GC invocations=31 (full 3):
 PSYoungGen      total 175616K, used 40691K [0x00000000e0000000, 0x00000000ef280000, 0x0000000100000000)
  eden space 124416K, 0% used [0x00000000e0000000,0x00000000e0000000,0x00000000e7980000)
  from space 51200K, 79% used [0x00000000eaf00000,0x00000000ed6bcf98,0x00000000ee100000)
  to   space 54784K, 0% used [0x00000000e7980000,0x00000000e7980000,0x00000000eaf00000)
 ParOldGen       total 136704K, used 90650K [0x00000000a0000000, 0x00000000a8580000, 0x00000000e0000000)
  object space 136704K, 66% used [0x00000000a0000000,0x00000000a5886a58,0x00000000a8580000)
 Metaspace       used 93682K, capacity 98268K, committed 98348K, reserved 1134592K
  class space    used 11949K, capacity 12911K, committed 12928K, reserved 1048576K
}
Event: 3335.233 GC heap before
{Heap before GC invocations=32 (full 4):
 PSYoungGen      total 175616K, used 40691K [0x00000000e0000000, 0x00000000ef280000, 0x0000000100000000)
  eden space 124416K, 0% used [0x00000000e0000000,0x00000000e0000000,0x00000000e7980000)
  from space 51200K, 79% used [0x00000000eaf00000,0x00000000ed6bcf98,0x00000000ee100000)
  to   space 54784K, 0% used [0x00000000e7980000,0x00000000e7980000,0x00000000eaf00000)
 ParOldGen       total 136704K, used 90650K [0x00000000a0000000, 0x00000000a8580000, 0x00000000e0000000)
  object space 136704K, 66% used [0x00000000a0000000,0x00000000a5886a58,0x00000000a8580000)
 Metaspace       used 93682K, capacity 98268K, committed 98348K, reserved 1134592K
  class space    used 11949K, capacity 12911K, committed 12928K, reserved 1048576K
Event: 3335.617 GC heap after
Heap after GC invocations=32 (full 4):
 PSYoungGen      total 175616K, used 0K [0x00000000e0000000, 0x00000000ef280000, 0x0000000100000000)
  eden space 124416K, 0% used [0x00000000e0000000,0x00000000e0000000,0x00000000e7980000)
  from space 51200K, 0% used [0x00000000eaf00000,0x00000000eaf00000,0x00000000ee100000)
  to   space 54784K, 0% used [0x00000000e7980000,0x00000000e7980000,0x00000000eaf00000)
 ParOldGen       total 136704K, used 73601K [0x00000000a0000000, 0x00000000a8580000, 0x00000000e0000000)
  object space 136704K, 53% used [0x00000000a0000000,0x00000000a47e0458,0x00000000a8580000)
 Metaspace       used 92632K, capacity 96226K, committed 98348K, reserved 1134592K
  class space    used 11758K, capacity 12524K, committed 12928K, reserved 1048576K
}
Event: 3337.054 GC heap before
{Heap before GC invocations=33 (full 4):
 PSYoungGen      total 175616K, used 124416K [0x00000000e0000000, 0x00000000ef280000, 0x0000000100000000)
  eden space 124416K, 100% used [0x00000000e0000000,0x00000000e7980000,0x00000000e7980000)
  from space 51200K, 0% used [0x00000000eaf00000,0x00000000eaf00000,0x00000000ee100000)
  to   space 54784K, 0% used [0x00000000e7980000,0x00000000e7980000,0x00000000eaf00000)
 ParOldGen       total 136704K, used 73601K [0x00000000a0000000, 0x00000000a8580000, 0x00000000e0000000)
  object space 136704K, 53% used [0x00000000a0000000,0x00000000a47e0458,0x00000000a8580000)
 Metaspace       used 100129K, capacity 104492K, committed 105344K, reserved 1140736K
  class space    used 12669K, capacity 13533K, committed 13696K, reserved 1048576K
Event: 3337.072 GC heap after
Heap after GC invocations=33 (full 4):
 PSYoungGen      total 179200K, used 10637K [0x00000000e0000000, 0x00000000eef80000, 0x0000000100000000)
  eden space 124416K, 0% used [0x00000000e0000000,0x00000000e0000000,0x00000000e7980000)
  from space 54784K, 19% used [0x00000000e7980000,0x00000000e83e36c8,0x00000000eaf00000)
  to   space 54272K, 0% used [0x00000000eba80000,0x00000000eba80000,0x00000000eef80000)
 ParOldGen       total 136704K, used 73609K [0x00000000a0000000, 0x00000000a8580000, 0x00000000e0000000)
  object space 136704K, 53% used [0x00000000a0000000,0x00000000a47e2458,0x00000000a8580000)
 Metaspace       used 100129K, capacity 104492K, committed 105344K, reserved 1140736K
  class space    used 12669K, capacity 13533K, committed 13696K, reserved 1048576K
}
Event: 3337.785 GC heap before
{Heap before GC invocations=34 (full 4):
 PSYoungGen      total 179200K, used 135053K [0x00000000e0000000, 0x00000000eef80000, 0x0000000100000000)
  eden space 124416K, 100% used [0x00000000e0000000,0x00000000e7980000,0x00000000e7980000)
  from space 54784K, 19% used [0x00000000e7980000,0x00000000e83e36c8,0x00000000eaf00000)
  to   space 54272K, 0% used [0x00000000eba80000,0x00000000eba80000,0x00000000eef80000)
 ParOldGen       total 136704K, used 73609K [0x00000000a0000000, 0x00000000a8580000, 0x00000000e0000000)
  object space 136704K, 53% used [0x00000000a0000000,0x00000000a47e2458,0x00000000a8580000)
 Metaspace       used 100307K, capacity 104644K, committed 105344K, reserved 1140736K
  class space    used 12672K, capacity 13533K, committed 13696K, reserved 1048576K
Event: 3337.805 GC heap after
Heap after GC invocations=34 (full 4):
 PSYoungGen      total 190464K, used 6134K [0x00000000e0000000, 0x00000000ef280000, 0x0000000100000000)
  eden space 136192K, 0% used [0x00000000e0000000,0x00000000e0000000,0x00000000e8500000)
  from space 54272K, 11% used [0x00000000eba80000,0x00000000ec07d908,0x00000000eef80000)
  to   space 54784K, 0% used [0x00000000e8500000,0x00000000e8500000,0x00000000eba80000)
 ParOldGen       total 136704K, used 73617K [0x00000000a0000000, 0x00000000a8580000, 0x00000000e0000000)
  object space 136704K, 53% used [0x00000000a0000000,0x00000000a47e4458,0x00000000a8580000)
 Metaspace       used 100307K, capacity 104644K, committed 105344K, reserved 1140736K
  class space    used 12672K, capacity 13533K, committed 13696K, reserved 1048576K
}
Event: 3338.570 GC heap before
{Heap before GC invocations=35 (full 4):
 PSYoungGen      total 190464K, used 142326K [0x00000000e0000000, 0x00000000ef280000, 0x0000000100000000)
  eden space 136192K, 100% used [0x00000000e0000000,0x00000000e8500000,0x00000000e8500000)
  from space 54272K, 11% used [0x00000000eba80000,0x00000000ec07d908,0x00000000eef80000)
  to   space 54784K, 0% used [0x00000000e8500000,0x00000000e8500000,0x00000000eba80000)
 ParOldGen       total 136704K, used 73617K [0x00000000a0000000, 0x00000000a8580000, 0x00000000e0000000)
  object space 136704K, 53% used [0x00000000a0000000,0x00000000a47e4458,0x00000000a8580000)
 Metaspace       used 100604K, capacity 104964K, committed 105600K, reserved 1140736K
  class space    used 12697K, capacity 13567K, committed 13696K, reserved 1048576K
Event: 3338.586 GC heap after
Heap after GC invocations=35 (full 4):
 PSYoungGen      total 190976K, used 6239K [0x00000000e0000000, 0x00000000eff00000, 0x0000000100000000)
  eden space 136192K, 0% used [0x00000000e0000000,0x00000000e0000000,0x00000000e8500000)
  from space 54784K, 11% used [0x00000000e8500000,0x00000000e8b17e30,0x00000000eba80000)
  to   space 54272K, 0% used [0x00000000eca00000,0x00000000eca00000,0x00000000eff00000)
 ParOldGen       total 136704K, used 73625K [0x00000000a0000000, 0x00000000a8580000, 0x00000000e0000000)
  object space 136704K, 53% used [0x00000000a0000000,0x00000000a47e6458,0x00000000a8580000)
 Metaspace       used 100604K, capacity 104964K, committed 105600K, reserved 1140736K
  class space    used 12697K, capacity 13567K, committed 13696K, reserved 1048576K
}

